[2020-11-10T10:31:31.871] [DEBUG] cheese - login => username:admin,password:123456
[2020-11-10T10:31:31.874] [DEBUG] cheese - admin
[2020-11-10T10:31:31.913] [DEBUG] cheese - null
[2020-11-10T10:31:31.914] [DEBUG] cheese - null
[2020-11-10T11:11:49.486] [DEBUG] cheese - login => username:zs,password:123456
[2020-11-10T11:11:49.487] [DEBUG] cheese - zs
[2020-11-10T11:11:49.495] [DEBUG] cheese - null
[2020-11-10T11:11:49.495] [DEBUG] cheese - null
[2020-11-10T11:12:34.497] [DEBUG] cheese - login => username:admin
,password:123456
[2020-11-10T11:12:34.497] [DEBUG] cheese - admin

[2020-11-10T11:12:34.501] [DEBUG] cheese - null
[2020-11-10T11:12:34.501] [DEBUG] cheese - null
[2020-11-10T11:12:40.885] [DEBUG] cheese - login => username:admin
,password:123456
[2020-11-10T11:12:40.885] [DEBUG] cheese - admin

[2020-11-10T11:12:40.890] [DEBUG] cheese - null
[2020-11-10T11:12:40.890] [DEBUG] cheese - null
[2020-11-10T11:12:47.294] [DEBUG] cheese - login => username:admin
,password:123456
[2020-11-10T11:12:47.294] [DEBUG] cheese - admin

[2020-11-10T11:12:47.297] [DEBUG] cheese - null
[2020-11-10T11:12:47.297] [DEBUG] cheese - null
[2020-11-10T11:13:00.201] [DEBUG] cheese - login => username:admin,password:123456
[2020-11-10T11:13:00.202] [DEBUG] cheese - admin
[2020-11-10T11:13:00.207] [DEBUG] cheese - null
[2020-11-10T11:13:00.207] [DEBUG] cheese - null
[2020-11-10T11:13:05.824] [DEBUG] cheese - login => username:admin,password:123456
[2020-11-10T11:13:05.824] [DEBUG] cheese - admin
[2020-11-10T11:13:05.829] [DEBUG] cheese - null
[2020-11-10T11:13:05.829] [DEBUG] cheese - null
[2020-11-10T15:48:05.588] [DEBUG] cheese - login => username:admin,password:123456
[2020-11-10T15:48:05.594] [DEBUG] cheese - admin
[2020-11-10T15:48:05.944] [DEBUG] cheese - null
[2020-11-10T15:48:05.944] [DEBUG] cheese - null
[2020-11-10T17:16:12.108] [DEBUG] cheese - login => username:admin,password:123456
[2020-11-10T17:16:12.114] [DEBUG] cheese - admin
[2020-11-10T17:16:12.131] [DEBUG] cheese - null
[2020-11-10T17:16:12.134] [DEBUG] cheese - null
[2020-11-11T08:19:38.690] [DEBUG] cheese - login => username:admin,password:123456
[2020-11-11T08:19:38.693] [DEBUG] cheese - admin
[2020-11-11T08:19:39.028] [DEBUG] cheese - null
[2020-11-11T08:19:39.029] [DEBUG] cheese - null
[2020-11-11T08:19:49.881] [DEBUG] cheese - login => username:admin,password:123456
[2020-11-11T08:19:49.881] [DEBUG] cheese - admin
[2020-11-11T08:19:49.889] [DEBUG] cheese - null
[2020-11-11T08:19:49.890] [DEBUG] cheese - null
[2020-11-11T10:57:14.237] [DEBUG] cheese - login => username:admi,password:123456
[2020-11-11T10:57:14.242] [DEBUG] cheese - admi
[2020-11-11T10:57:14.577] [DEBUG] cheese - null
[2020-11-11T10:57:14.577] [DEBUG] cheese - null
[2020-11-11T10:59:27.175] [DEBUG] cheese - login => username:adm,password:123456
[2020-11-11T10:59:27.175] [DEBUG] cheese - adm
[2020-11-11T10:59:27.181] [DEBUG] cheese - null
[2020-11-11T10:59:27.181] [DEBUG] cheese - null
[2020-11-11T16:05:18.660] [DEBUG] cheese - login => username:admi,password:123456
[2020-11-11T16:05:18.668] [DEBUG] cheese - admi
[2020-11-11T16:05:19.141] [DEBUG] cheese - null
[2020-11-11T16:05:19.142] [DEBUG] cheese - null
[2020-11-11T16:05:42.252] [DEBUG] cheese - login => username:admin,password:123456
[2020-11-11T16:05:42.252] [DEBUG] cheese - admin
[2020-11-11T16:05:42.263] [DEBUG] cheese - null
[2020-11-11T16:05:42.264] [DEBUG] cheese - null
[2020-11-11T16:12:29.549] [DEBUG] cheese - login => username:admi,password:123456
[2020-11-11T16:12:29.549] [DEBUG] cheese - admi
[2020-11-11T16:12:29.555] [DEBUG] cheese - null
[2020-11-11T16:12:29.555] [DEBUG] cheese - null
[2020-11-11T16:16:31.681] [DEBUG] cheese - login => username:admi,password:123456
[2020-11-11T16:16:31.681] [DEBUG] cheese - admi
[2020-11-11T16:16:31.692] [DEBUG] cheese - null
[2020-11-11T16:16:31.692] [DEBUG] cheese - null
[2020-11-11T16:51:30.236] [DEBUG] cheese - login => username:admin佛挡杀佛,password:123456
[2020-11-11T16:51:30.236] [DEBUG] cheese - admin佛挡杀佛
[2020-11-11T16:51:30.242] [DEBUG] cheese - null
[2020-11-11T16:51:30.242] [DEBUG] cheese - null
[2020-11-11T16:51:34.679] [DEBUG] cheese - login => username:admi,password:123456
[2020-11-11T16:51:34.679] [DEBUG] cheese - admi
[2020-11-11T16:51:34.682] [DEBUG] cheese - null
[2020-11-11T16:51:34.682] [DEBUG] cheese - null
[2020-11-11T17:14:27.967] [DEBUG] cheese - login => username:admin,password:123456
[2020-11-11T17:14:27.968] [DEBUG] cheese - admin
[2020-11-11T17:14:27.974] [DEBUG] cheese - null
[2020-11-11T17:14:27.975] [DEBUG] cheese - null
[2020-11-12T08:54:53.645] [DEBUG] cheese - login => username:admin,password:123456
[2020-11-12T08:54:53.657] [DEBUG] cheese - admin
[2020-11-12T08:54:54.224] [DEBUG] cheese - null
[2020-11-12T08:54:54.224] [DEBUG] cheese - null
[2020-11-12T08:59:29.839] [DEBUG] cheese - login => username:admin,password:123456
[2020-11-12T08:59:29.840] [DEBUG] cheese - admin
[2020-11-12T08:59:29.875] [DEBUG] cheese - null
[2020-11-12T08:59:29.875] [DEBUG] cheese - null
[2020-11-12T11:29:08.094] [DEBUG] cheese - login => username:admin,password:123456
[2020-11-12T11:29:08.110] [DEBUG] cheese - admin
[2020-11-12T11:29:08.463] [DEBUG] cheese - null
[2020-11-12T11:29:08.514] [DEBUG] cheese - null
[2020-11-12T16:34:22.397] [DEBUG] cheese - login => username:admin,password:123456
[2020-11-12T16:34:22.404] [DEBUG] cheese - admin
[2020-11-12T16:34:22.587] [DEBUG] cheese - null
[2020-11-12T16:34:22.588] [DEBUG] cheese - null
[2020-11-12T16:34:57.005] [DEBUG] cheese - login => username:admin,password:123456
[2020-11-12T16:34:57.005] [DEBUG] cheese - admin
[2020-11-12T16:34:57.010] [DEBUG] cheese - null
[2020-11-12T16:34:57.012] [DEBUG] cheese - null
[2020-11-12T16:46:12.442] [DEBUG] cheese - login => username:admin,password:123456
[2020-11-12T16:46:12.443] [DEBUG] cheese - admin
[2020-11-12T16:46:12.490] [DEBUG] cheese - null
[2020-11-12T16:46:12.490] [DEBUG] cheese - null
[2020-11-13T09:04:02.572] [DEBUG] cheese - login => username:admin,password:123456
[2020-11-13T09:04:02.578] [DEBUG] cheese - admin
[2020-11-13T09:04:02.608] [DEBUG] cheese - null
[2020-11-13T09:04:02.608] [DEBUG] cheese - null
[2020-11-13T10:06:05.864] [DEBUG] cheese - login => username:admin,password:123456
[2020-11-13T10:06:05.870] [DEBUG] cheese - admin
[2020-11-13T10:06:05.877] [DEBUG] cheese - null
[2020-11-13T10:06:05.879] [DEBUG] cheese - null
[2020-11-14T09:08:57.575] [DEBUG] cheese - login => username:admin,password:123456
[2020-11-14T09:08:57.578] [DEBUG] cheese - admin
[2020-11-14T09:08:57.672] [DEBUG] cheese - null
[2020-11-14T09:08:57.673] [DEBUG] cheese - null
[2020-11-14T09:09:03.708] [DEBUG] cheese - login => username:admin,password:123456
[2020-11-14T09:09:03.708] [DEBUG] cheese - admin
[2020-11-14T09:09:03.714] [DEBUG] cheese - null
[2020-11-14T09:09:03.715] [DEBUG] cheese - null
[2020-11-15T09:23:46.302] [DEBUG] cheese - login => username:admin,password:123456
[2020-11-15T09:23:46.312] [DEBUG] cheese - admin
[2020-11-15T09:23:46.371] [DEBUG] cheese - null
[2020-11-15T09:23:46.372] [DEBUG] cheese - null
[2020-11-15T09:34:22.022] [DEBUG] cheese - login => username:admin,password:123456
[2020-11-15T09:34:22.023] [DEBUG] cheese - admin
[2020-11-15T09:34:22.028] [DEBUG] cheese - null
[2020-11-15T09:34:22.028] [DEBUG] cheese - null
[2020-11-15T21:27:41.218] [DEBUG] cheese - login => username:admin,password:123456
[2020-11-15T21:27:41.231] [DEBUG] cheese - admin
[2020-11-15T21:27:41.289] [DEBUG] cheese - null
[2020-11-15T21:27:41.289] [DEBUG] cheese - null
[2020-11-16T10:01:10.175] [DEBUG] cheese - login => username:admin,password:123456
[2020-11-16T10:01:10.185] [DEBUG] cheese - admin
[2020-11-16T10:01:10.262] [DEBUG] cheese - null
[2020-11-16T10:01:10.262] [DEBUG] cheese - null
[2020-11-16T15:27:37.569] [DEBUG] cheese - login => username:admin,password:123456
[2020-11-16T15:27:37.572] [DEBUG] cheese - admin
[2020-11-16T15:27:37.648] [DEBUG] cheese - null
[2020-11-16T15:27:37.649] [DEBUG] cheese - null
[2020-11-16T15:28:55.295] [DEBUG] cheese - login => username:admin,password:123456
[2020-11-16T15:28:55.296] [DEBUG] cheese - admin
[2020-11-16T15:28:55.304] [DEBUG] cheese - null
[2020-11-16T15:28:55.305] [DEBUG] cheese - null
[2020-11-17T10:09:57.932] [DEBUG] cheese - login => username:admin,password:123456
[2020-11-17T10:09:57.934] [DEBUG] cheese - admin
[2020-11-17T10:09:58.015] [DEBUG] cheese - null
[2020-11-17T10:09:58.016] [DEBUG] cheese - null
[2020-11-17T10:11:44.204] [DEBUG] cheese - login => username:admin,password:123456
[2020-11-17T10:11:44.205] [DEBUG] cheese - admin
[2020-11-17T10:11:44.213] [DEBUG] cheese - null
[2020-11-17T10:11:44.216] [DEBUG] cheese - null
[2020-11-18T10:39:55.193] [DEBUG] cheese - login => username:admin,password:123456
[2020-11-18T10:39:55.202] [DEBUG] cheese - admin
[2020-11-18T10:39:55.269] [DEBUG] cheese - null
[2020-11-18T10:39:55.270] [DEBUG] cheese - null
[2020-11-18T10:40:23.779] [DEBUG] cheese - login => username:admin,password:123456
[2020-11-18T10:40:23.780] [DEBUG] cheese - admin
[2020-11-18T10:40:23.784] [DEBUG] cheese - null
[2020-11-18T10:40:23.784] [DEBUG] cheese - null
[2020-11-19T09:36:05.860] [DEBUG] cheese - login => username:admin,password:123456
[2020-11-19T09:36:05.863] [DEBUG] cheese - admin
[2020-11-19T09:36:05.954] [DEBUG] cheese - null
[2020-11-19T09:36:05.955] [DEBUG] cheese - null
[2020-11-19T09:39:43.463] [DEBUG] cheese - login => username:admin,password:123456
[2020-11-19T09:39:43.463] [DEBUG] cheese - admin
[2020-11-19T09:39:43.473] [DEBUG] cheese - null
[2020-11-19T09:39:43.474] [DEBUG] cheese - null
[2020-11-20T10:42:26.479] [DEBUG] cheese - login => username:admin,password:123456
[2020-11-20T10:42:26.487] [DEBUG] cheese - admin
[2020-11-20T10:42:26.664] [DEBUG] cheese - null
[2020-11-20T10:42:26.666] [DEBUG] cheese - null
[2020-11-21T10:11:22.784] [DEBUG] cheese - login => username:admin,password:123456
[2020-11-21T10:11:22.787] [DEBUG] cheese - admin
[2020-11-21T10:11:23.107] [DEBUG] cheese - null
[2020-11-21T10:11:23.108] [DEBUG] cheese - null
[2020-11-21T10:14:23.700] [DEBUG] cheese - login => username:admin,password:123456
[2020-11-21T10:14:23.700] [DEBUG] cheese - admin
[2020-11-21T10:14:23.706] [DEBUG] cheese - null
[2020-11-21T10:14:23.706] [DEBUG] cheese - null
[2020-11-22T11:17:05.653] [DEBUG] cheese - login => username:admin,password:123456
[2020-11-22T11:17:05.671] [DEBUG] cheese - admin
[2020-11-22T11:17:05.748] [DEBUG] cheese - null
[2020-11-22T11:17:05.751] [DEBUG] cheese - null
[2020-11-23T09:42:10.883] [DEBUG] cheese - login => username:admin,password:123456
[2020-11-23T09:42:10.886] [DEBUG] cheese - admin
[2020-11-23T09:42:10.964] [DEBUG] cheese - null
[2020-11-23T09:42:10.965] [DEBUG] cheese - null
[2020-11-23T09:45:58.536] [DEBUG] cheese - login => username:admin,password:123456
[2020-11-23T09:45:58.536] [DEBUG] cheese - admin
[2020-11-23T09:45:58.544] [DEBUG] cheese - null
[2020-11-23T09:45:58.545] [DEBUG] cheese - null
[2020-11-24T09:59:32.987] [DEBUG] cheese - login => username:admin,password:123456
[2020-11-24T09:59:32.993] [DEBUG] cheese - admin
[2020-11-24T09:59:33.109] [DEBUG] cheese - null
[2020-11-24T09:59:33.111] [DEBUG] cheese - null
[2020-11-24T10:50:38.754] [DEBUG] cheese - null
[2020-11-24T10:58:50.101] [DEBUG] cheese - null
[2020-11-24T15:42:07.810] [DEBUG] cheese - login => username:admin,password:123456
[2020-11-24T15:42:07.834] [DEBUG] cheese - admin
[2020-11-24T15:42:08.376] [DEBUG] cheese - null
[2020-11-24T15:42:08.378] [DEBUG] cheese - null
[2020-11-24T17:24:21.786] [DEBUG] cheese - login => username:admin,password:123456
[2020-11-24T17:24:21.790] [DEBUG] cheese - admin
[2020-11-24T17:24:22.221] [DEBUG] cheese - null
[2020-11-24T17:24:22.223] [DEBUG] cheese - null
[2020-11-25T15:38:42.041] [DEBUG] cheese - login => username:admin,password:123456
[2020-11-25T15:38:42.049] [DEBUG] cheese - admin
[2020-11-25T15:38:42.172] [DEBUG] cheese - null
[2020-11-25T15:38:42.172] [DEBUG] cheese - null
[2020-11-26T09:43:12.946] [DEBUG] cheese - login => username:admin,password:123456
[2020-11-26T09:43:12.949] [DEBUG] cheese - admin
[2020-11-26T09:43:13.026] [DEBUG] cheese - null
[2020-11-26T09:43:13.027] [DEBUG] cheese - null
[2020-11-26T09:51:02.232] [DEBUG] cheese - login => username:admin,password:123456
[2020-11-26T09:51:02.232] [DEBUG] cheese - admin
[2020-11-26T09:51:02.239] [DEBUG] cheese - null
[2020-11-26T09:51:02.240] [DEBUG] cheese - null
[2020-11-26T10:35:41.245] [DEBUG] cheese - login => username:admin,password:123456
[2020-11-26T10:35:41.256] [DEBUG] cheese - admin
[2020-11-26T10:35:41.370] [DEBUG] cheese - null
[2020-11-26T10:35:41.371] [DEBUG] cheese - null
[2020-11-26T11:12:02.403] [DEBUG] cheese - login => username:admin,password:123456
[2020-11-26T11:12:02.406] [DEBUG] cheese - admin
[2020-11-26T11:12:02.436] [DEBUG] cheese - null
[2020-11-26T11:12:02.437] [DEBUG] cheese - null
[2020-11-26T11:12:18.847] [DEBUG] cheese - login => username:admin,password:123456
[2020-11-26T11:12:18.849] [DEBUG] cheese - admin
[2020-11-26T11:12:18.856] [DEBUG] cheese - null
[2020-11-26T11:12:18.856] [DEBUG] cheese - null
[2020-11-26T21:20:17.257] [DEBUG] cheese - login => username:admin,password:123456
[2020-11-26T21:20:17.268] [DEBUG] cheese - admin
[2020-11-26T21:20:17.639] [DEBUG] cheese - null
[2020-11-26T21:20:17.641] [DEBUG] cheese - null
[2020-11-27T10:52:41.761] [DEBUG] cheese - login => username:admin,password:123456
[2020-11-27T10:52:41.775] [DEBUG] cheese - admin
[2020-11-27T10:52:42.590] [DEBUG] cheese - null
[2020-11-27T10:52:42.592] [DEBUG] cheese - null
[2020-11-27T10:55:00.950] [DEBUG] cheese - login => username:admin,password:123456
[2020-11-27T10:55:00.950] [DEBUG] cheese - admin
[2020-11-27T10:55:00.960] [DEBUG] cheese - null
[2020-11-27T10:55:00.961] [DEBUG] cheese - null
[2020-11-27T16:32:12.394] [DEBUG] cheese - login => username:admin,password:123456
[2020-11-27T16:32:12.403] [DEBUG] cheese - admin
[2020-11-27T16:32:12.735] [DEBUG] cheese - null
[2020-11-27T16:32:12.736] [DEBUG] cheese - null
[2020-11-29T16:50:33.821] [DEBUG] cheese - login => username:admin,password:123456
[2020-11-29T16:50:33.824] [DEBUG] cheese - admin
[2020-11-29T16:50:33.905] [DEBUG] cheese - null
[2020-11-29T16:50:33.907] [DEBUG] cheese - null
[2020-12-01T16:54:08.796] [DEBUG] cheese - login => username:admin,password:123456
[2020-12-01T16:54:08.801] [DEBUG] cheese - admin
[2020-12-01T16:54:09.119] [DEBUG] cheese - null
[2020-12-01T16:54:09.119] [DEBUG] cheese - null
[2020-12-01T20:35:53.787] [DEBUG] cheese - login => username:admin,password:123456
[2020-12-01T20:35:53.792] [DEBUG] cheese - admin
[2020-12-01T20:35:53.801] [DEBUG] cheese - null
[2020-12-01T20:35:53.802] [DEBUG] cheese - null
[2020-12-01T21:38:40.276] [DEBUG] cheese - login => username:admin,password:123456
[2020-12-01T21:38:40.276] [DEBUG] cheese - admin
[2020-12-01T21:38:40.333] [DEBUG] cheese - null
[2020-12-01T21:38:40.333] [DEBUG] cheese - null
[2020-12-01T21:44:16.615] [DEBUG] cheese - login => username:admin,password:123456
[2020-12-01T21:44:16.615] [DEBUG] cheese - admin
[2020-12-01T21:44:16.620] [DEBUG] cheese - null
[2020-12-01T21:44:16.620] [DEBUG] cheese - null
[2020-12-02T08:31:31.368] [DEBUG] cheese - login => username:admin,password:123456
[2020-12-02T08:31:31.368] [DEBUG] cheese - admin
[2020-12-02T08:31:31.376] [DEBUG] cheese - null
[2020-12-02T08:31:31.376] [DEBUG] cheese - null
[2020-12-05T21:23:42.341] [DEBUG] cheese - login => username:admin,password:123456
[2020-12-05T21:23:42.345] [DEBUG] cheese - admin
[2020-12-05T21:23:42.612] [DEBUG] cheese - null
[2020-12-05T21:23:42.613] [DEBUG] cheese - null
[2020-12-07T09:10:57.709] [DEBUG] cheese - login => username:admin,password:123456
[2020-12-07T09:10:57.712] [DEBUG] cheese - admin
[2020-12-07T09:10:57.796] [DEBUG] cheese - null
[2020-12-07T09:10:57.797] [DEBUG] cheese - null
[2020-12-07T10:30:04.593] [DEBUG] cheese - login => username:admin,password:123456
[2020-12-07T10:30:04.599] [DEBUG] cheese - admin
[2020-12-07T10:30:05.045] [DEBUG] cheese - null
[2020-12-07T10:30:05.046] [DEBUG] cheese - null
[2020-12-07T10:35:33.421] [DEBUG] cheese - login => username:admin,password:123456
[2020-12-07T10:35:33.422] [DEBUG] cheese - admin
[2020-12-07T10:35:33.438] [DEBUG] cheese - null
[2020-12-07T10:35:33.439] [DEBUG] cheese - null
[2020-12-07T10:37:12.574] [DEBUG] cheese - login => username:admin,password:123456
[2020-12-07T10:37:12.574] [DEBUG] cheese - admin
[2020-12-07T10:37:12.579] [DEBUG] cheese - null
[2020-12-07T10:37:12.579] [DEBUG] cheese - null
[2020-12-07T10:44:59.905] [DEBUG] cheese - login => username:admin,password:123456
[2020-12-07T10:44:59.906] [DEBUG] cheese - admin
[2020-12-07T10:44:59.935] [DEBUG] cheese - null
[2020-12-07T10:44:59.936] [DEBUG] cheese - null
[2020-12-07T10:53:40.109] [DEBUG] cheese - login => username:admin,password:123456
[2020-12-07T10:53:40.109] [DEBUG] cheese - admin
[2020-12-07T10:53:40.256] [DEBUG] cheese - null
[2020-12-07T10:53:40.256] [DEBUG] cheese - null
[2020-12-07T10:59:48.160] [DEBUG] cheese - login => username:admin,password:123456
[2020-12-07T10:59:48.160] [DEBUG] cheese - admin
[2020-12-07T10:59:48.166] [DEBUG] cheese - null
[2020-12-07T10:59:48.166] [DEBUG] cheese - null
[2020-12-07T10:59:50.898] [DEBUG] cheese - login => username:admin,password:123456
[2020-12-07T10:59:50.898] [DEBUG] cheese - admin
[2020-12-07T10:59:50.902] [DEBUG] cheese - null
[2020-12-07T10:59:50.902] [DEBUG] cheese - null
